build/app/intermediates/manifest_merge_blame_file/release/manifest-merger-blame-release-report.txt
1<?xml version="1.0" encoding="utf-8"?>
2<manifest xmlns:android="http://schemas.android.com/apk/res/android"
3    package="com.sylo.android"
4    android:versionCode="1"
5    android:versionName="1.0.0" >
6
7    <uses-sdk
8        android:minSdkVersion="24"
8-->src/main/AndroidManifest.xml
9        android:targetSdkVersion="30" />
9-->src/main/AndroidManifest.xml
10    <!--
11         io.flutter.app.FlutterApplication is an android.app.Application that
12         calls FlutterMain.startInitialization(this); in its onCreate method.
13         In most cases you can leave this as-is, but you if you want to provide
14         additional functionality it is fine to subclass or reimplement
15         FlutterApplication and put your custom class here.
16    -->
17    <uses-permission android:name="android.permission.INTERNET" />
17-->src/main/AndroidManifest.xml:9:5-67
17-->src/main/AndroidManifest.xml:9:22-64
18    <uses-permission android:name="android.permission.ACCESS_FINE_LOCATION" />
18-->src/main/AndroidManifest.xml:10:5-78
18-->src/main/AndroidManifest.xml:10:22-76
19    <uses-permission android:name="android.permission.ACCESS_NETWORK_STATE" />
19-->src/main/AndroidManifest.xml:11:5-79
19-->src/main/AndroidManifest.xml:11:22-76
20    <uses-permission android:name="android.permission.READ_EXTERNAL_STORAGE" />
20-->src/main/AndroidManifest.xml:12:5-80
20-->src/main/AndroidManifest.xml:12:22-77
21    <uses-permission android:name="android.permission.WRITE_INTERNAL_STORAGE" />
21-->src/main/AndroidManifest.xml:13:5-81
21-->src/main/AndroidManifest.xml:13:22-78
22    <uses-permission android:name="android.permission.WRITE_EXTERNAL_STORAGE" />
22-->src/main/AndroidManifest.xml:14:5-81
22-->src/main/AndroidManifest.xml:14:22-78
23    <uses-permission android:name="android.permission.VIBRATE" />
23-->src/main/AndroidManifest.xml:16:5-65
23-->src/main/AndroidManifest.xml:16:22-63
24    <uses-permission android:name="android.permission.USE_FINGERPRINT" />
24-->src/main/AndroidManifest.xml:17:5-73
24-->src/main/AndroidManifest.xml:17:22-71
25    <uses-permission android:name="android.permission.MODIFY_AUDIO_SETTINGS" />
25-->src/main/AndroidManifest.xml:18:5-79
25-->src/main/AndroidManifest.xml:18:22-77
26    <uses-permission android:name="com.android.vending.BILLING" />
26-->src/main/AndroidManifest.xml:19:5-66
26-->src/main/AndroidManifest.xml:19:22-64
27
28    <queries>
28-->[:file_picker] AndroidManifest.xml:9:5-15:15
29        <intent>
29-->[:file_picker] AndroidManifest.xml:10:9-14:18
30            <action android:name="android.intent.action.GET_CONTENT" />
30-->[:file_picker] AndroidManifest.xml:11:13-72
30-->[:file_picker] AndroidManifest.xml:11:21-69
31
32            <data android:mimeType="*/*" />
32-->[:file_picker] AndroidManifest.xml:13:13-44
32-->[:file_picker] AndroidManifest.xml:13:19-41
33        </intent>
34    </queries>
35
36    <uses-permission android:name="android.permission.RECEIVE_BOOT_COMPLETED" />
36-->[:flutter_local_notifications] AndroidManifest.xml:7:5-81
36-->[:flutter_local_notifications] AndroidManifest.xml:7:22-78
37    <uses-permission android:name="android.permission.USE_FULL_SCREEN_INTENT" />
37-->[:flutter_local_notifications] AndroidManifest.xml:9:5-81
37-->[:flutter_local_notifications] AndroidManifest.xml:9:22-78
38    <uses-permission android:name="android.permission.WAKE_LOCK" />
38-->[:firebase_messaging] AndroidManifest.xml:8:5-68
38-->[:firebase_messaging] AndroidManifest.xml:8:22-65
39    <uses-permission android:name="android.permission.CAMERA" />
39-->[:camera] AndroidManifest.xml:7:5-65
39-->[:camera] AndroidManifest.xml:7:22-62
40    <uses-permission android:name="android.permission.RECORD_AUDIO" />
40-->[:camera] AndroidManifest.xml:8:5-71
40-->[:camera] AndroidManifest.xml:8:22-68
41    <uses-permission android:name="android.permission.USE_BIOMETRIC" /> <!-- Required by older versions of Google Play services to create IID tokens -->
41-->[androidx.biometric:biometric:1.1.0] AndroidManifest.xml:24:5-72
41-->[androidx.biometric:biometric:1.1.0] AndroidManifest.xml:24:22-69
42    <uses-permission android:name="com.google.android.c2dm.permission.RECEIVE" />
42-->[com.google.firebase:firebase-iid:21.0.1] AndroidManifest.xml:26:5-82
42-->[com.google.firebase:firebase-iid:21.0.1] AndroidManifest.xml:26:22-79
43    <uses-permission android:name="com.google.android.finsky.permission.BIND_GET_INSTALL_REFERRER_SERVICE" />
43-->[com.google.android.gms:play-services-measurement:18.0.0] AndroidManifest.xml:26:5-110
43-->[com.google.android.gms:play-services-measurement:18.0.0] AndroidManifest.xml:26:22-107
44
45    <application
45-->src/main/AndroidManifest.xml:21:5-68:19
46        android:name="io.flutter.app.FlutterApplication"
46-->src/main/AndroidManifest.xml:22:9-57
47        android:appComponentFactory="androidx.core.app.CoreComponentFactory"
47-->[androidx.core:core:1.6.0-beta01] AndroidManifest.xml:24:18-86
48        android:extractNativeLibs="false"
49        android:icon="@mipmap/ic_launcher"
49-->src/main/AndroidManifest.xml:27:9-43
50        android:label="@string/app_name"
50-->src/main/AndroidManifest.xml:23:9-41
51        android:networkSecurityConfig="@xml/network_security_config"
51-->src/main/AndroidManifest.xml:26:9-69
52        android:requestLegacyExternalStorage="true"
52-->src/main/AndroidManifest.xml:25:9-52
53        android:usesCleartextTraffic="true" >
53-->src/main/AndroidManifest.xml:24:9-44
54        <meta-data
54-->src/main/AndroidManifest.xml:30:9-31:70
55            android:name="com.google.android.geo.API_KEY"
55-->src/main/AndroidManifest.xml:30:20-65
56            android:value="AIzaSyCu1ng402lI6np1gl9qlzSIVYt598KS17E" />
56-->src/main/AndroidManifest.xml:31:13-68
57
58        <uses-library
58-->src/main/AndroidManifest.xml:33:9-35:40
59            android:name="org.apache.http.legacy"
59-->src/main/AndroidManifest.xml:34:13-50
60            android:required="false" />
60-->src/main/AndroidManifest.xml:35:13-37
61
62        <activity
62-->src/main/AndroidManifest.xml:37:9-52:20
63            android:name="com.app.renta.MainActivity"
63-->src/main/AndroidManifest.xml:38:13-41
64            android:configChanges="orientation|keyboardHidden|keyboard|screenSize|smallestScreenSize|locale|layoutDirection|fontScale|screenLayout|density|uiMode"
64-->src/main/AndroidManifest.xml:41:13-163
65            android:hardwareAccelerated="true"
65-->src/main/AndroidManifest.xml:42:13-47
66            android:launchMode="singleTop"
66-->src/main/AndroidManifest.xml:39:13-43
67            android:theme="@style/LaunchTheme"
67-->src/main/AndroidManifest.xml:40:13-47
68            android:windowSoftInputMode="adjustResize" >
68-->src/main/AndroidManifest.xml:43:13-55
69            <intent-filter>
69-->src/main/AndroidManifest.xml:44:13-47:29
70                <action android:name="android.intent.action.MAIN" />
70-->src/main/AndroidManifest.xml:45:17-68
70-->src/main/AndroidManifest.xml:45:25-66
71
72                <category android:name="android.intent.category.LAUNCHER" />
72-->src/main/AndroidManifest.xml:46:17-76
72-->src/main/AndroidManifest.xml:46:27-74
73            </intent-filter>
74            <intent-filter>
74-->src/main/AndroidManifest.xml:48:13-51:29
75                <action android:name="FLUTTER_NOTIFICATION_CLICK" />
75-->src/main/AndroidManifest.xml:49:17-69
75-->src/main/AndroidManifest.xml:49:25-66
76
77                <category android:name="android.intent.category.DEFAULT" />
77-->src/main/AndroidManifest.xml:50:17-76
77-->src/main/AndroidManifest.xml:50:27-73
78            </intent-filter>
79        </activity>
80        <activity
80-->src/main/AndroidManifest.xml:53:9-56:71
81            android:name="com.yalantis.ucrop.UCropActivity"
81-->src/main/AndroidManifest.xml:54:13-60
82            android:screenOrientation="portrait"
82-->src/main/AndroidManifest.xml:55:13-49
83            android:theme="@style/Theme.AppCompat.Light.NoActionBar" />
83-->src/main/AndroidManifest.xml:56:13-69
84        <!--
85             Don't delete the meta-data below.
86             This is used by the Flutter tool to generate GeneratedPluginRegistrant.java
87        -->
88        <meta-data
88-->src/main/AndroidManifest.xml:59:9-61:33
89            android:name="flutterEmbedding"
89-->src/main/AndroidManifest.xml:60:13-44
90            android:value="2" />
90-->src/main/AndroidManifest.xml:61:13-30
91        <meta-data
91-->src/main/AndroidManifest.xml:64:9-66:36
92            android:name="firebase_crashlytics_collection_enabled"
92-->src/main/AndroidManifest.xml:65:13-67
93            android:value="true" />
93-->src/main/AndroidManifest.xml:66:13-33
94
95        <receiver android:name="com.dexterous.flutterlocalnotifications.ScheduledNotificationReceiver" />
95-->[:flutter_local_notifications] AndroidManifest.xml:12:9-106
95-->[:flutter_local_notifications] AndroidManifest.xml:12:19-103
96        <receiver android:name="com.dexterous.flutterlocalnotifications.ScheduledNotificationBootReceiver" >
96-->[:flutter_local_notifications] AndroidManifest.xml:13:9-20:20
96-->[:flutter_local_notifications] AndroidManifest.xml:13:19-107
97            <intent-filter>
97-->[:flutter_local_notifications] AndroidManifest.xml:14:13-19:29
98                <action android:name="android.intent.action.BOOT_COMPLETED" />
98-->[:flutter_local_notifications] AndroidManifest.xml:15:17-79
98-->[:flutter_local_notifications] AndroidManifest.xml:15:25-76
99                <action android:name="android.intent.action.MY_PACKAGE_REPLACED" />
99-->[:flutter_local_notifications] AndroidManifest.xml:16:17-84
99-->[:flutter_local_notifications] AndroidManifest.xml:16:25-81
100                <action android:name="android.intent.action.QUICKBOOT_POWERON" />
100-->[:flutter_local_notifications] AndroidManifest.xml:17:17-82
100-->[:flutter_local_notifications] AndroidManifest.xml:17:25-79
101                <action android:name="com.htc.intent.action.QUICKBOOT_POWERON" />
101-->[:flutter_local_notifications] AndroidManifest.xml:18:17-82
101-->[:flutter_local_notifications] AndroidManifest.xml:18:25-79
102            </intent-filter>
103        </receiver>
104
105        <service
105-->[:firebase_crashlytics] AndroidManifest.xml:8:9-12:19
106            android:name="com.google.firebase.components.ComponentDiscoveryService"
106-->[:firebase_crashlytics] AndroidManifest.xml:8:18-89
107            android:directBootAware="true"
107-->[com.google.firebase:firebase-common:19.5.0] AndroidManifest.xml:35:13-43
108            android:exported="false" >
108-->[com.google.firebase:firebase-crashlytics:17.4.0] AndroidManifest.xml:17:13-37
109            <meta-data
109-->[:firebase_crashlytics] AndroidManifest.xml:9:13-11:85
110                android:name="com.google.firebase.components:io.flutter.plugins.firebase.crashlytics.FlutterFirebaseAppRegistrar"
110-->[:firebase_crashlytics] AndroidManifest.xml:10:17-130
111                android:value="com.google.firebase.components.ComponentRegistrar" />
111-->[:firebase_crashlytics] AndroidManifest.xml:11:17-82
112            <meta-data
112-->[:firebase_messaging] AndroidManifest.xml:34:13-36:85
113                android:name="com.google.firebase.components:io.flutter.plugins.firebase.messaging.FlutterFirebaseAppRegistrar"
113-->[:firebase_messaging] AndroidManifest.xml:35:17-128
114                android:value="com.google.firebase.components.ComponentRegistrar" />
114-->[:firebase_messaging] AndroidManifest.xml:36:17-82
115            <meta-data
115-->[:firebase_analytics] AndroidManifest.xml:13:13-15:85
116                android:name="com.google.firebase.components:io.flutter.plugins.firebaseanalytics.FlutterFirebaseAppRegistrar"
116-->[:firebase_analytics] AndroidManifest.xml:14:17-127
117                android:value="com.google.firebase.components.ComponentRegistrar" />
117-->[:firebase_analytics] AndroidManifest.xml:15:17-82
118            <meta-data
118-->[:firebase_core] AndroidManifest.xml:9:13-11:85
119                android:name="com.google.firebase.components:io.flutter.plugins.firebase.core.FlutterFirebaseCoreRegistrar"
119-->[:firebase_core] AndroidManifest.xml:10:17-124
120                android:value="com.google.firebase.components.ComponentRegistrar" />
120-->[:firebase_core] AndroidManifest.xml:11:17-82
121            <meta-data
121-->[com.google.firebase:firebase-crashlytics:17.4.0] AndroidManifest.xml:18:13-20:85
122                android:name="com.google.firebase.components:com.google.firebase.crashlytics.CrashlyticsRegistrar"
122-->[com.google.firebase:firebase-crashlytics:17.4.0] AndroidManifest.xml:19:17-115
123                android:value="com.google.firebase.components.ComponentRegistrar" />
123-->[com.google.firebase:firebase-crashlytics:17.4.0] AndroidManifest.xml:20:17-82
124            <meta-data
124-->[com.google.firebase:firebase-messaging:21.0.1] AndroidManifest.xml:39:13-41:85
125                android:name="com.google.firebase.components:com.google.firebase.messaging.FirebaseMessagingRegistrar"
125-->[com.google.firebase:firebase-messaging:21.0.1] AndroidManifest.xml:40:17-119
126                android:value="com.google.firebase.components.ComponentRegistrar" />
126-->[com.google.firebase:firebase-messaging:21.0.1] AndroidManifest.xml:41:17-82
127            <meta-data
127-->[com.google.android.gms:play-services-measurement-api:18.0.0] AndroidManifest.xml:30:13-32:85
128                android:name="com.google.firebase.components:com.google.firebase.analytics.connector.internal.AnalyticsConnectorRegistrar"
128-->[com.google.android.gms:play-services-measurement-api:18.0.0] AndroidManifest.xml:31:17-139
129                android:value="com.google.firebase.components.ComponentRegistrar" />
129-->[com.google.android.gms:play-services-measurement-api:18.0.0] AndroidManifest.xml:32:17-82
130            <meta-data
130-->[com.google.firebase:firebase-iid:21.0.1] AndroidManifest.xml:32:13-34:85
131                android:name="com.google.firebase.components:com.google.firebase.iid.Registrar"
131-->[com.google.firebase:firebase-iid:21.0.1] AndroidManifest.xml:33:17-96
132                android:value="com.google.firebase.components.ComponentRegistrar" />
132-->[com.google.firebase:firebase-iid:21.0.1] AndroidManifest.xml:34:17-82
133            <meta-data
133-->[com.google.firebase:firebase-installations:16.3.5] AndroidManifest.xml:18:13-20:85
134                android:name="com.google.firebase.components:com.google.firebase.installations.FirebaseInstallationsRegistrar"
134-->[com.google.firebase:firebase-installations:16.3.5] AndroidManifest.xml:19:17-127
135                android:value="com.google.firebase.components.ComponentRegistrar" />
135-->[com.google.firebase:firebase-installations:16.3.5] AndroidManifest.xml:20:17-82
136            <meta-data
136-->[com.google.firebase:firebase-datatransport:17.0.10] AndroidManifest.xml:28:13-30:85
137                android:name="com.google.firebase.components:com.google.firebase.datatransport.TransportRegistrar"
137-->[com.google.firebase:firebase-datatransport:17.0.10] AndroidManifest.xml:29:17-115
138                android:value="com.google.firebase.components.ComponentRegistrar" />
138-->[com.google.firebase:firebase-datatransport:17.0.10] AndroidManifest.xml:30:17-82
139            <!--
140                This registrar is not defined in the dynamic-module-support sdk itself to allow non-firebase
141                clients to use it as well, by defining this registrar in their own core/common library.
142            -->
143            <meta-data
143-->[com.google.firebase:firebase-common:19.5.0] AndroidManifest.xml:43:13-45:85
144                android:name="com.google.firebase.components:com.google.firebase.dynamicloading.DynamicLoadingRegistrar"
144-->[com.google.firebase:firebase-common:19.5.0] AndroidManifest.xml:44:17-121
145                android:value="com.google.firebase.components.ComponentRegistrar" />
145-->[com.google.firebase:firebase-common:19.5.0] AndroidManifest.xml:45:17-82
146        </service>
147        <service
147-->[:firebase_messaging] AndroidManifest.xml:12:9-15:72
148            android:name="io.flutter.plugins.firebase.messaging.FlutterFirebaseMessagingBackgroundService"
148-->[:firebase_messaging] AndroidManifest.xml:13:13-107
149            android:exported="false"
149-->[:firebase_messaging] AndroidManifest.xml:14:13-37
150            android:permission="android.permission.BIND_JOB_SERVICE" />
150-->[:firebase_messaging] AndroidManifest.xml:15:13-69
151        <service
151-->[:firebase_messaging] AndroidManifest.xml:16:9-22:19
152            android:name="io.flutter.plugins.firebase.messaging.FlutterFirebaseMessagingService"
152-->[:firebase_messaging] AndroidManifest.xml:17:13-97
153            android:exported="false" >
153-->[:firebase_messaging] AndroidManifest.xml:18:13-37
154            <intent-filter>
154-->[:firebase_messaging] AndroidManifest.xml:19:13-21:29
155                <action android:name="com.google.firebase.MESSAGING_EVENT" />
155-->[:firebase_messaging] AndroidManifest.xml:20:17-78
155-->[:firebase_messaging] AndroidManifest.xml:20:25-75
156            </intent-filter>
157        </service>
158
159        <receiver
159-->[:firebase_messaging] AndroidManifest.xml:24:9-31:20
160            android:name="io.flutter.plugins.firebase.messaging.FlutterFirebaseMessagingReceiver"
160-->[:firebase_messaging] AndroidManifest.xml:25:13-98
161            android:exported="true"
161-->[:firebase_messaging] AndroidManifest.xml:26:13-36
162            android:permission="com.google.android.c2dm.permission.SEND" >
162-->[:firebase_messaging] AndroidManifest.xml:27:13-73
163            <intent-filter>
163-->[:firebase_messaging] AndroidManifest.xml:28:13-30:29
164                <action android:name="com.google.android.c2dm.intent.RECEIVE" />
164-->[:firebase_messaging] AndroidManifest.xml:29:17-81
164-->[:firebase_messaging] AndroidManifest.xml:29:25-78
165            </intent-filter>
166        </receiver>
167
168        <provider
168-->[:firebase_messaging] AndroidManifest.xml:39:9-43:38
169            android:name="io.flutter.plugins.firebase.messaging.FlutterFirebaseMessagingInitProvider"
169-->[:firebase_messaging] AndroidManifest.xml:40:13-102
170            android:authorities="com.sylo.android.flutterfirebasemessaginginitprovider"
170-->[:firebase_messaging] AndroidManifest.xml:41:13-88
171            android:exported="false"
171-->[:firebase_messaging] AndroidManifest.xml:42:13-37
172            android:initOrder="99" />
172-->[:firebase_messaging] AndroidManifest.xml:43:13-35
173
174        <activity
174-->[:url_launcher] AndroidManifest.xml:8:9-11:74
175            android:name="io.flutter.plugins.urllauncher.WebViewActivity"
175-->[:url_launcher] AndroidManifest.xml:9:13-74
176            android:exported="false"
176-->[:url_launcher] AndroidManifest.xml:10:13-37
177            android:theme="@android:style/Theme.NoTitleBar.Fullscreen" />
177-->[:url_launcher] AndroidManifest.xml:11:13-71
178        <!--
179             FirebaseMessagingService performs security checks at runtime,
180             but set to not exported to explicitly avoid allowing another app to call it.
181        -->
182        <service
182-->[com.google.firebase:firebase-messaging:21.0.1] AndroidManifest.xml:28:9-35:19
183            android:name="com.google.firebase.messaging.FirebaseMessagingService"
183-->[com.google.firebase:firebase-messaging:21.0.1] AndroidManifest.xml:29:13-82
184            android:directBootAware="true"
184-->[com.google.firebase:firebase-messaging:21.0.1] AndroidManifest.xml:30:13-43
185            android:exported="false" >
185-->[com.google.firebase:firebase-messaging:21.0.1] AndroidManifest.xml:31:13-37
186            <intent-filter android:priority="-500" >
186-->[:firebase_messaging] AndroidManifest.xml:19:13-21:29
187                <action android:name="com.google.firebase.MESSAGING_EVENT" />
187-->[:firebase_messaging] AndroidManifest.xml:20:17-78
187-->[:firebase_messaging] AndroidManifest.xml:20:25-75
188            </intent-filter>
189        </service>
190
191        <receiver
191-->[com.google.firebase:firebase-iid:21.0.1] AndroidManifest.xml:37:9-44:20
192            android:name="com.google.firebase.iid.FirebaseInstanceIdReceiver"
192-->[com.google.firebase:firebase-iid:21.0.1] AndroidManifest.xml:38:13-78
193            android:exported="true"
193-->[com.google.firebase:firebase-iid:21.0.1] AndroidManifest.xml:39:13-36
194            android:permission="com.google.android.c2dm.permission.SEND" >
194-->[com.google.firebase:firebase-iid:21.0.1] AndroidManifest.xml:40:13-73
195            <intent-filter>
195-->[:firebase_messaging] AndroidManifest.xml:28:13-30:29
196                <action android:name="com.google.android.c2dm.intent.RECEIVE" />
196-->[:firebase_messaging] AndroidManifest.xml:29:17-81
196-->[:firebase_messaging] AndroidManifest.xml:29:25-78
197            </intent-filter>
198        </receiver>
199
200        <provider
200-->[com.google.firebase:firebase-common:19.5.0] AndroidManifest.xml:26:9-31:39
201            android:name="com.google.firebase.provider.FirebaseInitProvider"
201-->[com.google.firebase:firebase-common:19.5.0] AndroidManifest.xml:27:13-77
202            android:authorities="com.sylo.android.firebaseinitprovider"
202-->[com.google.firebase:firebase-common:19.5.0] AndroidManifest.xml:28:13-72
203            android:directBootAware="true"
203-->[com.google.firebase:firebase-common:19.5.0] AndroidManifest.xml:29:13-43
204            android:exported="false"
204-->[com.google.firebase:firebase-common:19.5.0] AndroidManifest.xml:30:13-37
205            android:initOrder="100" />
205-->[com.google.firebase:firebase-common:19.5.0] AndroidManifest.xml:31:13-36
206
207        <activity
207-->[com.google.android.gms:play-services-base:17.0.0] AndroidManifest.xml:23:9-26:75
208            android:name="com.google.android.gms.common.api.GoogleApiActivity"
208-->[com.google.android.gms:play-services-base:17.0.0] AndroidManifest.xml:24:13-79
209            android:exported="false"
209-->[com.google.android.gms:play-services-base:17.0.0] AndroidManifest.xml:25:13-37
210            android:theme="@android:style/Theme.Translucent.NoTitleBar" />
210-->[com.google.android.gms:play-services-base:17.0.0] AndroidManifest.xml:26:13-72
211
212        <receiver
212-->[com.google.android.gms:play-services-measurement:18.0.0] AndroidManifest.xml:29:9-33:20
213            android:name="com.google.android.gms.measurement.AppMeasurementReceiver"
213-->[com.google.android.gms:play-services-measurement:18.0.0] AndroidManifest.xml:30:13-85
214            android:enabled="true"
214-->[com.google.android.gms:play-services-measurement:18.0.0] AndroidManifest.xml:31:13-35
215            android:exported="false" >
215-->[com.google.android.gms:play-services-measurement:18.0.0] AndroidManifest.xml:32:13-37
216        </receiver>
217
218        <service
218-->[com.google.android.gms:play-services-measurement:18.0.0] AndroidManifest.xml:35:9-38:40
219            android:name="com.google.android.gms.measurement.AppMeasurementService"
219-->[com.google.android.gms:play-services-measurement:18.0.0] AndroidManifest.xml:36:13-84
220            android:enabled="true"
220-->[com.google.android.gms:play-services-measurement:18.0.0] AndroidManifest.xml:37:13-35
221            android:exported="false" />
221-->[com.google.android.gms:play-services-measurement:18.0.0] AndroidManifest.xml:38:13-37
222        <service
222-->[com.google.android.gms:play-services-measurement:18.0.0] AndroidManifest.xml:39:9-43:72
223            android:name="com.google.android.gms.measurement.AppMeasurementJobService"
223-->[com.google.android.gms:play-services-measurement:18.0.0] AndroidManifest.xml:40:13-87
224            android:enabled="true"
224-->[com.google.android.gms:play-services-measurement:18.0.0] AndroidManifest.xml:41:13-35
225            android:exported="false"
225-->[com.google.android.gms:play-services-measurement:18.0.0] AndroidManifest.xml:42:13-37
226            android:permission="android.permission.BIND_JOB_SERVICE" />
226-->[com.google.android.gms:play-services-measurement:18.0.0] AndroidManifest.xml:43:13-69
227
228        <meta-data
228-->[com.google.android.gms:play-services-basement:17.0.0] AndroidManifest.xml:23:9-25:69
229            android:name="com.google.android.gms.version"
229-->[com.google.android.gms:play-services-basement:17.0.0] AndroidManifest.xml:24:13-58
230            android:value="@integer/google_play_services_version" />
230-->[com.google.android.gms:play-services-basement:17.0.0] AndroidManifest.xml:25:13-66
231
232        <service
232-->[com.google.android.datatransport:transport-backend-cct:2.3.3] AndroidManifest.xml:29:9-35:19
233            android:name="com.google.android.datatransport.runtime.backends.TransportBackendDiscovery"
233-->[com.google.android.datatransport:transport-backend-cct:2.3.3] AndroidManifest.xml:30:13-103
234            android:exported="false" >
234-->[com.google.android.datatransport:transport-backend-cct:2.3.3] AndroidManifest.xml:31:13-37
235            <meta-data
235-->[com.google.android.datatransport:transport-backend-cct:2.3.3] AndroidManifest.xml:32:13-34:39
236                android:name="backend:com.google.android.datatransport.cct.CctBackendFactory"
236-->[com.google.android.datatransport:transport-backend-cct:2.3.3] AndroidManifest.xml:33:17-94
237                android:value="cct" />
237-->[com.google.android.datatransport:transport-backend-cct:2.3.3] AndroidManifest.xml:34:17-36
238        </service>
239        <service
239-->[com.google.android.datatransport:transport-runtime:2.2.6] AndroidManifest.xml:26:9-30:19
240            android:name="com.google.android.datatransport.runtime.scheduling.jobscheduling.JobInfoSchedulerService"
240-->[com.google.android.datatransport:transport-runtime:2.2.6] AndroidManifest.xml:27:13-117
241            android:exported="false"
241-->[com.google.android.datatransport:transport-runtime:2.2.6] AndroidManifest.xml:28:13-37
242            android:permission="android.permission.BIND_JOB_SERVICE" >
242-->[com.google.android.datatransport:transport-runtime:2.2.6] AndroidManifest.xml:29:13-69
243        </service>
244
245        <receiver
245-->[com.google.android.datatransport:transport-runtime:2.2.6] AndroidManifest.xml:32:9-34:40
246            android:name="com.google.android.datatransport.runtime.scheduling.jobscheduling.AlarmManagerSchedulerBroadcastReceiver"
246-->[com.google.android.datatransport:transport-runtime:2.2.6] AndroidManifest.xml:33:13-132
247            android:exported="false" />
247-->[com.google.android.datatransport:transport-runtime:2.2.6] AndroidManifest.xml:34:13-37
248
249        <provider
249-->[androidx.work:work-runtime:2.2.0] AndroidManifest.xml:30:9-36:35
250            android:name="androidx.work.impl.WorkManagerInitializer"
250-->[androidx.work:work-runtime:2.2.0] AndroidManifest.xml:31:13-69
251            android:authorities="com.sylo.android.workmanager-init"
251-->[androidx.work:work-runtime:2.2.0] AndroidManifest.xml:32:13-68
252            android:directBootAware="false"
252-->[androidx.work:work-runtime:2.2.0] AndroidManifest.xml:33:13-44
253            android:exported="false"
253-->[androidx.work:work-runtime:2.2.0] AndroidManifest.xml:34:13-37
254            android:multiprocess="true" />
254-->[androidx.work:work-runtime:2.2.0] AndroidManifest.xml:35:13-40
255
256        <service
256-->[androidx.work:work-runtime:2.2.0] AndroidManifest.xml:38:9-43:35
257            android:name="androidx.work.impl.background.systemalarm.SystemAlarmService"
257-->[androidx.work:work-runtime:2.2.0] AndroidManifest.xml:39:13-88
258            android:directBootAware="false"
258-->[androidx.work:work-runtime:2.2.0] AndroidManifest.xml:40:13-44
259            android:enabled="@bool/enable_system_alarm_service_default"
259-->[androidx.work:work-runtime:2.2.0] AndroidManifest.xml:41:13-72
260            android:exported="false" />
260-->[androidx.work:work-runtime:2.2.0] AndroidManifest.xml:42:13-37
261        <service
261-->[androidx.work:work-runtime:2.2.0] AndroidManifest.xml:44:9-50:35
262            android:name="androidx.work.impl.background.systemjob.SystemJobService"
262-->[androidx.work:work-runtime:2.2.0] AndroidManifest.xml:45:13-84
263            android:directBootAware="false"
263-->[androidx.work:work-runtime:2.2.0] AndroidManifest.xml:46:13-44
264            android:enabled="@bool/enable_system_job_service_default"
264-->[androidx.work:work-runtime:2.2.0] AndroidManifest.xml:47:13-70
265            android:exported="true"
265-->[androidx.work:work-runtime:2.2.0] AndroidManifest.xml:48:13-36
266            android:permission="android.permission.BIND_JOB_SERVICE" />
266-->[androidx.work:work-runtime:2.2.0] AndroidManifest.xml:49:13-69
267
268        <receiver
268-->[androidx.work:work-runtime:2.2.0] AndroidManifest.xml:52:9-57:35
269            android:name="androidx.work.impl.utils.ForceStopRunnable$BroadcastReceiver"
269-->[androidx.work:work-runtime:2.2.0] AndroidManifest.xml:53:13-88
270            android:directBootAware="false"
270-->[androidx.work:work-runtime:2.2.0] AndroidManifest.xml:54:13-44
271            android:enabled="true"
271-->[androidx.work:work-runtime:2.2.0] AndroidManifest.xml:55:13-35
272            android:exported="false" />
272-->[androidx.work:work-runtime:2.2.0] AndroidManifest.xml:56:13-37
273        <receiver
273-->[androidx.work:work-runtime:2.2.0] AndroidManifest.xml:58:9-68:20
274            android:name="androidx.work.impl.background.systemalarm.ConstraintProxy$BatteryChargingProxy"
274-->[androidx.work:work-runtime:2.2.0] AndroidManifest.xml:59:13-106
275            android:directBootAware="false"
275-->[androidx.work:work-runtime:2.2.0] AndroidManifest.xml:60:13-44
276            android:enabled="false"